{"C:\\mood-gardens\\apps\\api\\src\\lib\\rateLimit.ts": {"path":"C:\\mood-gardens\\apps\\api\\src\\lib\\rateLimit.ts","statementMap":{"0":{"start":{"line":18,"column":4},"end":{"line":20,"column":null}},"1":{"start":{"line":19,"column":8},"end":{"line":19,"column":null}},"2":{"start":{"line":22,"column":15},"end":{"line":22,"column":null}},"3":{"start":{"line":23,"column":4},"end":{"line":23,"column":null}},"4":{"start":{"line":40,"column":21},"end":{"line":40,"column":null}},"5":{"start":{"line":43,"column":18},"end":{"line":43,"column":null}},"6":{"start":{"line":46,"column":4},"end":{"line":48,"column":null}},"7":{"start":{"line":47,"column":8},"end":{"line":47,"column":null}},"8":{"start":{"line":51,"column":16},"end":{"line":51,"column":null}},"9":{"start":{"line":52,"column":20},"end":{"line":52,"column":null}},"10":{"start":{"line":54,"column":20},"end":{"line":54,"column":null}},"11":{"start":{"line":55,"column":22},"end":{"line":55,"column":null}},"12":{"start":{"line":57,"column":4},"end":{"line":62,"column":null}},"13":{"start":{"line":73,"column":20},"end":{"line":77,"column":null}},"14":{"start":{"line":75,"column":12},"end":{"line":75,"column":null}},"15":{"start":{"line":80,"column":20},"end":{"line":80,"column":null}},"16":{"start":{"line":80,"column":40},"end":{"line":80,"column":50}},"17":{"start":{"line":81,"column":4},"end":{"line":83,"column":null}},"18":{"start":{"line":82,"column":8},"end":{"line":82,"column":null}},"19":{"start":{"line":86,"column":28},"end":{"line":88,"column":null}},"20":{"start":{"line":87,"column":8},"end":{"line":87,"column":null}},"21":{"start":{"line":90,"column":4},"end":{"line":90,"column":null}},"22":{"start":{"line":103,"column":4},"end":{"line":126,"column":null}},"23":{"start":{"line":104,"column":23},"end":{"line":104,"column":null}},"24":{"start":{"line":105,"column":20},"end":{"line":105,"column":null}},"25":{"start":{"line":107,"column":23},"end":{"line":107,"column":null}},"26":{"start":{"line":110,"column":8},"end":{"line":110,"column":null}},"27":{"start":{"line":111,"column":8},"end":{"line":111,"column":null}},"28":{"start":{"line":112,"column":8},"end":{"line":112,"column":null}},"29":{"start":{"line":114,"column":8},"end":{"line":123,"column":null}},"30":{"start":{"line":115,"column":12},"end":{"line":117,"column":null}},"31":{"start":{"line":116,"column":16},"end":{"line":116,"column":null}},"32":{"start":{"line":118,"column":12},"end":{"line":122,"column":null}},"33":{"start":{"line":125,"column":8},"end":{"line":125,"column":null}},"34":{"start":{"line":139,"column":16},"end":{"line":139,"column":null}},"35":{"start":{"line":140,"column":19},"end":{"line":140,"column":null}},"36":{"start":{"line":142,"column":4},"end":{"line":152,"column":null}},"37":{"start":{"line":143,"column":34},"end":{"line":143,"column":null}},"38":{"start":{"line":144,"column":8},"end":{"line":151,"column":null}},"39":{"start":{"line":164,"column":16},"end":{"line":164,"column":null}},"40":{"start":{"line":165,"column":19},"end":{"line":165,"column":null}},"41":{"start":{"line":167,"column":4},"end":{"line":177,"column":null}},"42":{"start":{"line":168,"column":34},"end":{"line":168,"column":null}},"43":{"start":{"line":169,"column":8},"end":{"line":176,"column":null}}},"fnMap":{"0":{"name":"getRateLimitKey","decl":{"start":{"line":17,"column":16},"end":{"line":17,"column":32}},"loc":{"start":{"line":17,"column":93},"end":{"line":24,"column":null}},"line":17},"1":{"name":"checkRateLimit","decl":{"start":{"line":35,"column":22},"end":{"line":35,"column":null}},"loc":{"start":{"line":39,"column":28},"end":{"line":63,"column":null}},"line":39},"2":{"name":"checkMultipleRateLimits","decl":{"start":{"line":69,"column":22},"end":{"line":69,"column":null}},"loc":{"start":{"line":72,"column":28},"end":{"line":91,"column":null}},"line":72},"3":{"name":"(anonymous_3)","decl":{"start":{"line":74,"column":19},"end":{"line":74,"column":20}},"loc":{"start":{"line":75,"column":12},"end":{"line":75,"column":null}},"line":75},"4":{"name":"(anonymous_4)","decl":{"start":{"line":80,"column":33},"end":{"line":80,"column":34}},"loc":{"start":{"line":80,"column":40},"end":{"line":80,"column":50}},"line":80},"5":{"name":"(anonymous_5)","decl":{"start":{"line":86,"column":43},"end":{"line":86,"column":44}},"loc":{"start":{"line":87,"column":8},"end":{"line":87,"column":null}},"line":87},"6":{"name":"createRateLimitMiddleware","decl":{"start":{"line":96,"column":16},"end":{"line":96,"column":42}},"loc":{"start":{"line":102,"column":3},"end":{"line":127,"column":null}},"line":102},"7":{"name":"(anonymous_7)","decl":{"start":{"line":103,"column":11},"end":{"line":103,"column":18}},"loc":{"start":{"line":103,"column":70},"end":{"line":126,"column":null}},"line":103},"8":{"name":"checkResolverRateLimit","decl":{"start":{"line":132,"column":22},"end":{"line":132,"column":null}},"loc":{"start":{"line":138,"column":17},"end":{"line":153,"column":null}},"line":138},"9":{"name":"checkResolverMultipleRateLimits","decl":{"start":{"line":158,"column":22},"end":{"line":158,"column":null}},"loc":{"start":{"line":163,"column":17},"end":{"line":178,"column":null}},"line":163}},"branchMap":{"0":{"loc":{"start":{"line":18,"column":4},"end":{"line":20,"column":null}},"type":"if","locations":[{"start":{"line":18,"column":4},"end":{"line":20,"column":null}},{"start":{},"end":{}}],"line":18},"1":{"loc":{"start":{"line":22,"column":15},"end":{"line":22,"column":null}},"type":"binary-expr","locations":[{"start":{"line":22,"column":15},"end":{"line":22,"column":25}},{"start":{"line":22,"column":25},"end":{"line":22,"column":53}},{"start":{"line":22,"column":53},"end":{"line":22,"column":null}}],"line":22},"2":{"loc":{"start":{"line":46,"column":4},"end":{"line":48,"column":null}},"type":"if","locations":[{"start":{"line":46,"column":4},"end":{"line":48,"column":null}},{"start":{},"end":{}}],"line":46},"3":{"loc":{"start":{"line":52,"column":53},"end":{"line":52,"column":null}},"type":"cond-expr","locations":[{"start":{"line":52,"column":63},"end":{"line":52,"column":69}},{"start":{"line":52,"column":69},"end":{"line":52,"column":null}}],"line":52},"4":{"loc":{"start":{"line":81,"column":4},"end":{"line":83,"column":null}},"type":"if","locations":[{"start":{"line":81,"column":4},"end":{"line":83,"column":null}},{"start":{},"end":{}}],"line":81},"5":{"loc":{"start":{"line":87,"column":8},"end":{"line":87,"column":null}},"type":"cond-expr","locations":[{"start":{"line":87,"column":44},"end":{"line":87,"column":54}},{"start":{"line":87,"column":54},"end":{"line":87,"column":null}}],"line":87},"6":{"loc":{"start":{"line":104,"column":23},"end":{"line":104,"column":null}},"type":"binary-expr","locations":[{"start":{"line":104,"column":23},"end":{"line":104,"column":51}},{"start":{"line":104,"column":51},"end":{"line":104,"column":null}}],"line":104},"7":{"loc":{"start":{"line":114,"column":8},"end":{"line":123,"column":null}},"type":"if","locations":[{"start":{"line":114,"column":8},"end":{"line":123,"column":null}},{"start":{},"end":{}}],"line":114},"8":{"loc":{"start":{"line":115,"column":12},"end":{"line":117,"column":null}},"type":"if","locations":[{"start":{"line":115,"column":12},"end":{"line":117,"column":null}},{"start":{},"end":{}}],"line":115},"9":{"loc":{"start":{"line":142,"column":4},"end":{"line":152,"column":null}},"type":"if","locations":[{"start":{"line":142,"column":4},"end":{"line":152,"column":null}},{"start":{},"end":{}}],"line":142},"10":{"loc":{"start":{"line":167,"column":4},"end":{"line":177,"column":null}},"type":"if","locations":[{"start":{"line":167,"column":4},"end":{"line":177,"column":null}},{"start":{},"end":{}}],"line":167}},"s":{"0":4,"1":1,"2":3,"3":4,"4":9,"5":9,"6":9,"7":1,"8":9,"9":9,"10":9,"11":9,"12":9,"13":2,"14":4,"15":2,"16":3,"17":2,"18":1,"19":1,"20":1,"21":1,"22":0,"23":0,"24":0,"25":0,"26":0,"27":0,"28":0,"29":0,"30":0,"31":0,"32":0,"33":0,"34":0,"35":0,"36":0,"37":0,"38":0,"39":0,"40":0,"41":0,"42":0,"43":0},"f":{"0":4,"1":9,"2":2,"3":4,"4":3,"5":1,"6":0,"7":0,"8":0,"9":0},"b":{"0":[1,3],"1":[3,2,1],"2":[1,8],"3":[8,1],"4":[1,1],"5":[0,1],"6":[0,0],"7":[0,0],"8":[0,0],"9":[0,0],"10":[0,0]},"meta":{"lastBranch":11,"lastFunction":10,"lastStatement":44,"seen":{"f:17:16:17:32":0,"b:18:4:20:Infinity:undefined:undefined:undefined:undefined":0,"s:18:4:20:Infinity":0,"s:19:8:19:Infinity":1,"s:22:15:22:Infinity":2,"b:22:15:22:25:22:25:22:53:22:53:22:Infinity":1,"s:23:4:23:Infinity":3,"f:35:22:35:Infinity":1,"s:40:21:40:Infinity":4,"s:43:18:43:Infinity":5,"b:46:4:48:Infinity:undefined:undefined:undefined:undefined":2,"s:46:4:48:Infinity":6,"s:47:8:47:Infinity":7,"s:51:16:51:Infinity":8,"s:52:20:52:Infinity":9,"b:52:63:52:69:52:69:52:Infinity":3,"s:54:20:54:Infinity":10,"s:55:22:55:Infinity":11,"s:57:4:62:Infinity":12,"f:69:22:69:Infinity":2,"s:73:20:77:Infinity":13,"f:74:19:74:20":3,"s:75:12:75:Infinity":14,"s:80:20:80:Infinity":15,"f:80:33:80:34":4,"s:80:40:80:50":16,"b:81:4:83:Infinity:undefined:undefined:undefined:undefined":4,"s:81:4:83:Infinity":17,"s:82:8:82:Infinity":18,"s:86:28:88:Infinity":19,"f:86:43:86:44":5,"s:87:8:87:Infinity":20,"b:87:44:87:54:87:54:87:Infinity":5,"s:90:4:90:Infinity":21,"f:96:16:96:42":6,"s:103:4:126:Infinity":22,"f:103:11:103:18":7,"s:104:23:104:Infinity":23,"b:104:23:104:51:104:51:104:Infinity":6,"s:105:20:105:Infinity":24,"s:107:23:107:Infinity":25,"s:110:8:110:Infinity":26,"s:111:8:111:Infinity":27,"s:112:8:112:Infinity":28,"b:114:8:123:Infinity:undefined:undefined:undefined:undefined":7,"s:114:8:123:Infinity":29,"b:115:12:117:Infinity:undefined:undefined:undefined:undefined":8,"s:115:12:117:Infinity":30,"s:116:16:116:Infinity":31,"s:118:12:122:Infinity":32,"s:125:8:125:Infinity":33,"f:132:22:132:Infinity":8,"s:139:16:139:Infinity":34,"s:140:19:140:Infinity":35,"b:142:4:152:Infinity:undefined:undefined:undefined:undefined":9,"s:142:4:152:Infinity":36,"s:143:34:143:Infinity":37,"s:144:8:151:Infinity":38,"f:158:22:158:Infinity":9,"s:164:16:164:Infinity":39,"s:165:19:165:Infinity":40,"b:167:4:177:Infinity:undefined:undefined:undefined:undefined":10,"s:167:4:177:Infinity":41,"s:168:34:168:Infinity":42,"s:169:8:176:Infinity":43}}}
,"C:\\mood-gardens\\apps\\api\\src\\lib\\errors\\GraphQLErrors.ts": {"path":"C:\\mood-gardens\\apps\\api\\src\\lib\\errors\\GraphQLErrors.ts","statementMap":{"0":{"start":{"line":3,"column":7},"end":{"line":3,"column":null}},"1":{"start":{"line":4,"column":4},"end":{"line":4,"column":null}},"2":{"start":{"line":5,"column":4},"end":{"line":5,"column":null}},"3":{"start":{"line":6,"column":4},"end":{"line":6,"column":null}},"4":{"start":{"line":7,"column":4},"end":{"line":7,"column":null}},"5":{"start":{"line":8,"column":4},"end":{"line":8,"column":null}},"6":{"start":{"line":3,"column":12},"end":{"line":3,"column":null}},"7":{"start":{"line":19,"column":4},"end":{"line":24,"column":null}},"8":{"start":{"line":31,"column":4},"end":{"line":31,"column":null}},"9":{"start":{"line":38,"column":4},"end":{"line":38,"column":null}},"10":{"start":{"line":45,"column":4},"end":{"line":45,"column":null}},"11":{"start":{"line":52,"column":4},"end":{"line":52,"column":null}},"12":{"start":{"line":59,"column":4},"end":{"line":59,"column":null}}},"fnMap":{"0":{"name":"(anonymous_0)","decl":{"start":{"line":3,"column":7},"end":{"line":3,"column":12}},"loc":{"start":{"line":3,"column":7},"end":{"line":3,"column":null}},"line":3},"1":{"name":"createGraphQLError","decl":{"start":{"line":14,"column":16},"end":{"line":14,"column":null}},"loc":{"start":{"line":18,"column":16},"end":{"line":25,"column":null}},"line":18},"2":{"name":"throwBadInput","decl":{"start":{"line":30,"column":16},"end":{"line":30,"column":30}},"loc":{"start":{"line":30,"column":92},"end":{"line":32,"column":null}},"line":30},"3":{"name":"throwUnauthenticated","decl":{"start":{"line":37,"column":16},"end":{"line":37,"column":37}},"loc":{"start":{"line":37,"column":83},"end":{"line":39,"column":null}},"line":37},"4":{"name":"throwEmailNotVerified","decl":{"start":{"line":44,"column":16},"end":{"line":44,"column":38}},"loc":{"start":{"line":44,"column":110},"end":{"line":46,"column":null}},"line":44},"5":{"name":"throwEmailInUse","decl":{"start":{"line":51,"column":16},"end":{"line":51,"column":32}},"loc":{"start":{"line":51,"column":82},"end":{"line":53,"column":null}},"line":51},"6":{"name":"throwInternalError","decl":{"start":{"line":58,"column":16},"end":{"line":58,"column":35}},"loc":{"start":{"line":58,"column":90},"end":{"line":60,"column":null}},"line":58}},"branchMap":{"0":{"loc":{"start":{"line":3,"column":12},"end":{"line":3,"column":null}},"type":"binary-expr","locations":[{"start":{"line":3,"column":12},"end":{"line":3,"column":null}},{"start":{"line":3,"column":12},"end":{"line":3,"column":null}}],"line":3},"1":{"loc":{"start":{"line":37,"column":37},"end":{"line":37,"column":83}},"type":"default-arg","locations":[{"start":{"line":37,"column":55},"end":{"line":37,"column":83}}],"line":37},"2":{"loc":{"start":{"line":44,"column":38},"end":{"line":44,"column":110}},"type":"default-arg","locations":[{"start":{"line":44,"column":56},"end":{"line":44,"column":110}}],"line":44},"3":{"loc":{"start":{"line":51,"column":32},"end":{"line":51,"column":82}},"type":"default-arg","locations":[{"start":{"line":51,"column":50},"end":{"line":51,"column":82}}],"line":51},"4":{"loc":{"start":{"line":58,"column":35},"end":{"line":58,"column":90}},"type":"default-arg","locations":[{"start":{"line":58,"column":53},"end":{"line":58,"column":90}}],"line":58}},"s":{"0":1,"1":1,"2":1,"3":1,"4":1,"5":1,"6":1,"7":14,"8":3,"9":3,"10":2,"11":2,"12":2},"f":{"0":1,"1":14,"2":3,"3":3,"4":2,"5":2,"6":2},"b":{"0":[1,1],"1":[3],"2":[2],"3":[2],"4":[2]},"meta":{"lastBranch":5,"lastFunction":7,"lastStatement":13,"seen":{"s:3:7:3:Infinity":0,"f:3:7:3:12":0,"s:4:4:4:Infinity":1,"s:5:4:5:Infinity":2,"s:6:4:6:Infinity":3,"s:7:4:7:Infinity":4,"s:8:4:8:Infinity":5,"s:3:12:3:Infinity":6,"b:3:12:3:Infinity:3:12:3:Infinity":0,"f:14:16:14:Infinity":1,"s:19:4:24:Infinity":7,"f:30:16:30:30":2,"s:31:4:31:Infinity":8,"f:37:16:37:37":3,"b:37:55:37:83":1,"s:38:4:38:Infinity":9,"f:44:16:44:38":4,"b:44:56:44:110":2,"s:45:4:45:Infinity":10,"f:51:16:51:32":5,"b:51:50:51:82":3,"s:52:4:52:Infinity":11,"f:58:16:58:35":6,"b:58:53:58:90":4,"s:59:4:59:Infinity":12}}}
,"C:\\mood-gardens\\apps\\api\\src\\lib\\validation\\emailValidation.ts": {"path":"C:\\mood-gardens\\apps\\api\\src\\lib\\validation\\emailValidation.ts","statementMap":{"0":{"start":{"line":6,"column":4},"end":{"line":6,"column":null}},"1":{"start":{"line":13,"column":20},"end":{"line":13,"column":null}},"2":{"start":{"line":14,"column":4},"end":{"line":16,"column":null}},"3":{"start":{"line":15,"column":8},"end":{"line":15,"column":null}},"4":{"start":{"line":17,"column":4},"end":{"line":19,"column":null}},"5":{"start":{"line":18,"column":8},"end":{"line":18,"column":null}},"6":{"start":{"line":20,"column":4},"end":{"line":20,"column":null}}},"fnMap":{"0":{"name":"isValidEmail","decl":{"start":{"line":5,"column":16},"end":{"line":5,"column":29}},"loc":{"start":{"line":5,"column":53},"end":{"line":7,"column":null}},"line":5},"1":{"name":"validateEmail","decl":{"start":{"line":12,"column":16},"end":{"line":12,"column":30}},"loc":{"start":{"line":12,"column":72},"end":{"line":21,"column":null}},"line":12}},"branchMap":{"0":{"loc":{"start":{"line":14,"column":4},"end":{"line":16,"column":null}},"type":"if","locations":[{"start":{"line":14,"column":4},"end":{"line":16,"column":null}},{"start":{},"end":{}}],"line":14},"1":{"loc":{"start":{"line":17,"column":4},"end":{"line":19,"column":null}},"type":"if","locations":[{"start":{"line":17,"column":4},"end":{"line":19,"column":null}},{"start":{},"end":{}}],"line":17}},"s":{"0":16,"1":9,"2":9,"3":4,"4":5,"5":3,"6":2},"f":{"0":16,"1":9},"b":{"0":[4,5],"1":[3,2]},"meta":{"lastBranch":2,"lastFunction":2,"lastStatement":7,"seen":{"f:5:16:5:29":0,"s:6:4:6:Infinity":0,"f:12:16:12:30":1,"s:13:20:13:Infinity":1,"b:14:4:16:Infinity:undefined:undefined:undefined:undefined":0,"s:14:4:16:Infinity":2,"s:15:8:15:Infinity":3,"b:17:4:19:Infinity:undefined:undefined:undefined:undefined":1,"s:17:4:19:Infinity":4,"s:18:8:18:Infinity":5,"s:20:4:20:Infinity":6}}}
,"C:\\mood-gardens\\apps\\api\\src\\lib\\validation\\passwordValidation.ts": {"path":"C:\\mood-gardens\\apps\\api\\src\\lib\\validation\\passwordValidation.ts","statementMap":{"0":{"start":{"line":1,"column":28},"end":{"line":1,"column":null}},"1":{"start":{"line":7,"column":4},"end":{"line":9,"column":null}},"2":{"start":{"line":8,"column":8},"end":{"line":8,"column":null}},"3":{"start":{"line":10,"column":4},"end":{"line":12,"column":null}},"4":{"start":{"line":11,"column":8},"end":{"line":11,"column":null}},"5":{"start":{"line":13,"column":4},"end":{"line":13,"column":null}},"6":{"start":{"line":20,"column":4},"end":{"line":20,"column":null}}},"fnMap":{"0":{"name":"validatePassword","decl":{"start":{"line":6,"column":16},"end":{"line":6,"column":33}},"loc":{"start":{"line":6,"column":78},"end":{"line":14,"column":null}},"line":6},"1":{"name":"validateNewPassword","decl":{"start":{"line":19,"column":16},"end":{"line":19,"column":36}},"loc":{"start":{"line":19,"column":81},"end":{"line":21,"column":null}},"line":19}},"branchMap":{"0":{"loc":{"start":{"line":7,"column":4},"end":{"line":9,"column":null}},"type":"if","locations":[{"start":{"line":7,"column":4},"end":{"line":9,"column":null}},{"start":{},"end":{}}],"line":7},"1":{"loc":{"start":{"line":10,"column":4},"end":{"line":12,"column":null}},"type":"if","locations":[{"start":{"line":10,"column":4},"end":{"line":12,"column":null}},{"start":{},"end":{}}],"line":10}},"s":{"0":1,"1":12,"2":4,"3":8,"4":3,"5":5,"6":3},"f":{"0":12,"1":3},"b":{"0":[4,8],"1":[3,5]},"meta":{"lastBranch":2,"lastFunction":2,"lastStatement":7,"seen":{"s:1:28:1:Infinity":0,"f:6:16:6:33":0,"b:7:4:9:Infinity:undefined:undefined:undefined:undefined":0,"s:7:4:9:Infinity":1,"s:8:8:8:Infinity":2,"b:10:4:12:Infinity:undefined:undefined:undefined:undefined":1,"s:10:4:12:Infinity":3,"s:11:8:11:Infinity":4,"s:13:4:13:Infinity":5,"f:19:16:19:36":1,"s:20:4:20:Infinity":6}}}
,"C:\\mood-gardens\\apps\\api\\src\\modules\\auth\\repositories\\userRepository.ts": {"path":"C:\\mood-gardens\\apps\\api\\src\\modules\\auth\\repositories\\userRepository.ts","statementMap":{"0":{"start":{"line":3,"column":32},"end":{"line":16,"column":null}},"1":{"start":{"line":21,"column":24},"end":{"line":21,"column":46}},"2":{"start":{"line":24,"column":8},"end":{"line":27,"column":null}},"3":{"start":{"line":31,"column":8},"end":{"line":33,"column":null}},"4":{"start":{"line":44,"column":8},"end":{"line":54,"column":null}},"5":{"start":{"line":58,"column":8},"end":{"line":61,"column":null}},"6":{"start":{"line":71,"column":8},"end":{"line":80,"column":null}},"7":{"start":{"line":107,"column":12},"end":{"line":107,"column":null}},"8":{"start":{"line":109,"column":8},"end":{"line":109,"column":null}},"9":{"start":{"line":109,"column":38},"end":{"line":109,"column":null}},"10":{"start":{"line":110,"column":8},"end":{"line":110,"column":null}},"11":{"start":{"line":110,"column":44},"end":{"line":110,"column":null}},"12":{"start":{"line":111,"column":8},"end":{"line":111,"column":null}},"13":{"start":{"line":111,"column":41},"end":{"line":111,"column":null}},"14":{"start":{"line":112,"column":8},"end":{"line":112,"column":null}},"15":{"start":{"line":112,"column":48},"end":{"line":112,"column":null}},"16":{"start":{"line":113,"column":8},"end":{"line":113,"column":null}},"17":{"start":{"line":113,"column":45},"end":{"line":113,"column":null}},"18":{"start":{"line":114,"column":8},"end":{"line":114,"column":null}},"19":{"start":{"line":114,"column":41},"end":{"line":114,"column":null}},"20":{"start":{"line":115,"column":8},"end":{"line":115,"column":null}},"21":{"start":{"line":115,"column":46},"end":{"line":115,"column":null}},"22":{"start":{"line":116,"column":8},"end":{"line":116,"column":null}},"23":{"start":{"line":116,"column":42},"end":{"line":116,"column":null}},"24":{"start":{"line":117,"column":8},"end":{"line":117,"column":null}},"25":{"start":{"line":117,"column":45},"end":{"line":117,"column":null}},"26":{"start":{"line":118,"column":8},"end":{"line":124,"column":null}},"27":{"start":{"line":119,"column":12},"end":{"line":123,"column":null}},"28":{"start":{"line":120,"column":16},"end":{"line":120,"column":null}},"29":{"start":{"line":121,"column":12},"end":{"line":123,"column":null}},"30":{"start":{"line":122,"column":16},"end":{"line":122,"column":null}},"31":{"start":{"line":126,"column":8},"end":{"line":130,"column":null}},"32":{"start":{"line":137,"column":23},"end":{"line":140,"column":null}},"33":{"start":{"line":141,"column":8},"end":{"line":141,"column":null}},"34":{"start":{"line":148,"column":8},"end":{"line":151,"column":null}},"35":{"start":{"line":155,"column":8},"end":{"line":158,"column":null}}},"fnMap":{"0":{"name":"(anonymous_0)","decl":{"start":{"line":21,"column":4},"end":{"line":21,"column":24}},"loc":{"start":{"line":21,"column":46},"end":{"line":21,"column":null}},"line":21},"1":{"name":"(anonymous_1)","decl":{"start":{"line":23,"column":10},"end":{"line":23,"column":19}},"loc":{"start":{"line":23,"column":59},"end":{"line":28,"column":null}},"line":23},"2":{"name":"(anonymous_2)","decl":{"start":{"line":30,"column":10},"end":{"line":30,"column":22}},"loc":{"start":{"line":30,"column":59},"end":{"line":34,"column":null}},"line":30},"3":{"name":"(anonymous_3)","decl":{"start":{"line":36,"column":10},"end":{"line":36,"column":34}},"loc":{"start":{"line":43,"column":14},"end":{"line":55,"column":null}},"line":43},"4":{"name":"(anonymous_4)","decl":{"start":{"line":57,"column":10},"end":{"line":57,"column":25}},"loc":{"start":{"line":57,"column":71},"end":{"line":62,"column":null}},"line":57},"5":{"name":"(anonymous_5)","decl":{"start":{"line":64,"column":10},"end":{"line":64,"column":17}},"loc":{"start":{"line":70,"column":28},"end":{"line":81,"column":null}},"line":70},"6":{"name":"(anonymous_6)","decl":{"start":{"line":83,"column":10},"end":{"line":83,"column":17}},"loc":{"start":{"line":95,"column":28},"end":{"line":131,"column":null}},"line":95},"7":{"name":"(anonymous_7)","decl":{"start":{"line":133,"column":10},"end":{"line":133,"column":21}},"loc":{"start":{"line":136,"column":24},"end":{"line":142,"column":null}},"line":136},"8":{"name":"(anonymous_8)","decl":{"start":{"line":144,"column":10},"end":{"line":144,"column":27}},"loc":{"start":{"line":147,"column":14},"end":{"line":152,"column":null}},"line":147},"9":{"name":"(anonymous_9)","decl":{"start":{"line":154,"column":10},"end":{"line":154,"column":27}},"loc":{"start":{"line":154,"column":88},"end":{"line":159,"column":null}},"line":154}},"branchMap":{"0":{"loc":{"start":{"line":77,"column":31},"end":{"line":77,"column":null}},"type":"binary-expr","locations":[{"start":{"line":77,"column":31},"end":{"line":77,"column":53}},{"start":{"line":77,"column":53},"end":{"line":77,"column":null}}],"line":77},"1":{"loc":{"start":{"line":109,"column":8},"end":{"line":109,"column":null}},"type":"if","locations":[{"start":{"line":109,"column":8},"end":{"line":109,"column":null}},{"start":{},"end":{}}],"line":109},"2":{"loc":{"start":{"line":110,"column":8},"end":{"line":110,"column":null}},"type":"if","locations":[{"start":{"line":110,"column":8},"end":{"line":110,"column":null}},{"start":{},"end":{}}],"line":110},"3":{"loc":{"start":{"line":111,"column":8},"end":{"line":111,"column":null}},"type":"if","locations":[{"start":{"line":111,"column":8},"end":{"line":111,"column":null}},{"start":{},"end":{}}],"line":111},"4":{"loc":{"start":{"line":112,"column":8},"end":{"line":112,"column":null}},"type":"if","locations":[{"start":{"line":112,"column":8},"end":{"line":112,"column":null}},{"start":{},"end":{}}],"line":112},"5":{"loc":{"start":{"line":113,"column":8},"end":{"line":113,"column":null}},"type":"if","locations":[{"start":{"line":113,"column":8},"end":{"line":113,"column":null}},{"start":{},"end":{}}],"line":113},"6":{"loc":{"start":{"line":114,"column":8},"end":{"line":114,"column":null}},"type":"if","locations":[{"start":{"line":114,"column":8},"end":{"line":114,"column":null}},{"start":{},"end":{}}],"line":114},"7":{"loc":{"start":{"line":115,"column":8},"end":{"line":115,"column":null}},"type":"if","locations":[{"start":{"line":115,"column":8},"end":{"line":115,"column":null}},{"start":{},"end":{}}],"line":115},"8":{"loc":{"start":{"line":116,"column":8},"end":{"line":116,"column":null}},"type":"if","locations":[{"start":{"line":116,"column":8},"end":{"line":116,"column":null}},{"start":{},"end":{}}],"line":116},"9":{"loc":{"start":{"line":117,"column":8},"end":{"line":117,"column":null}},"type":"if","locations":[{"start":{"line":117,"column":8},"end":{"line":117,"column":null}},{"start":{},"end":{}}],"line":117},"10":{"loc":{"start":{"line":118,"column":8},"end":{"line":124,"column":null}},"type":"if","locations":[{"start":{"line":118,"column":8},"end":{"line":124,"column":null}},{"start":{},"end":{}}],"line":118},"11":{"loc":{"start":{"line":119,"column":12},"end":{"line":123,"column":null}},"type":"if","locations":[{"start":{"line":119,"column":12},"end":{"line":123,"column":null}},{"start":{"line":121,"column":12},"end":{"line":123,"column":null}}],"line":119},"12":{"loc":{"start":{"line":121,"column":12},"end":{"line":123,"column":null}},"type":"if","locations":[{"start":{"line":121,"column":12},"end":{"line":123,"column":null}},{"start":{},"end":{}}],"line":121}},"s":{"0":1,"1":7,"2":2,"3":1,"4":0,"5":0,"6":0,"7":3,"8":3,"9":1,"10":3,"11":1,"12":3,"13":0,"14":3,"15":0,"16":3,"17":0,"18":3,"19":0,"20":3,"21":0,"22":3,"23":0,"24":3,"25":0,"26":3,"27":2,"28":1,"29":1,"30":1,"31":3,"32":0,"33":0,"34":1,"35":0},"f":{"0":7,"1":2,"2":1,"3":0,"4":0,"5":0,"6":3,"7":0,"8":1,"9":0},"b":{"0":[0,0],"1":[1,2],"2":[1,2],"3":[0,3],"4":[0,3],"5":[0,3],"6":[0,3],"7":[0,3],"8":[0,3],"9":[0,3],"10":[2,1],"11":[1,1],"12":[1,0]},"meta":{"lastBranch":13,"lastFunction":10,"lastStatement":36,"seen":{"s:3:32:16:Infinity":0,"f:21:4:21:24":0,"s:21:24:21:46":1,"f:23:10:23:19":1,"s:24:8:27:Infinity":2,"f:30:10:30:22":2,"s:31:8:33:Infinity":3,"f:36:10:36:34":3,"s:44:8:54:Infinity":4,"f:57:10:57:25":4,"s:58:8:61:Infinity":5,"f:64:10:64:17":5,"s:71:8:80:Infinity":6,"b:77:31:77:53:77:53:77:Infinity":0,"f:83:10:83:17":6,"s:107:12:107:Infinity":7,"b:109:8:109:Infinity:undefined:undefined:undefined:undefined":1,"s:109:8:109:Infinity":8,"s:109:38:109:Infinity":9,"b:110:8:110:Infinity:undefined:undefined:undefined:undefined":2,"s:110:8:110:Infinity":10,"s:110:44:110:Infinity":11,"b:111:8:111:Infinity:undefined:undefined:undefined:undefined":3,"s:111:8:111:Infinity":12,"s:111:41:111:Infinity":13,"b:112:8:112:Infinity:undefined:undefined:undefined:undefined":4,"s:112:8:112:Infinity":14,"s:112:48:112:Infinity":15,"b:113:8:113:Infinity:undefined:undefined:undefined:undefined":5,"s:113:8:113:Infinity":16,"s:113:45:113:Infinity":17,"b:114:8:114:Infinity:undefined:undefined:undefined:undefined":6,"s:114:8:114:Infinity":18,"s:114:41:114:Infinity":19,"b:115:8:115:Infinity:undefined:undefined:undefined:undefined":7,"s:115:8:115:Infinity":20,"s:115:46:115:Infinity":21,"b:116:8:116:Infinity:undefined:undefined:undefined:undefined":8,"s:116:8:116:Infinity":22,"s:116:42:116:Infinity":23,"b:117:8:117:Infinity:undefined:undefined:undefined:undefined":9,"s:117:8:117:Infinity":24,"s:117:45:117:Infinity":25,"b:118:8:124:Infinity:undefined:undefined:undefined:undefined":10,"s:118:8:124:Infinity":26,"b:119:12:123:Infinity:121:12:123:Infinity":11,"s:119:12:123:Infinity":27,"s:120:16:120:Infinity":28,"b:121:12:123:Infinity:undefined:undefined:undefined:undefined":12,"s:121:12:123:Infinity":29,"s:122:16:122:Infinity":30,"s:126:8:130:Infinity":31,"f:133:10:133:21":7,"s:137:23:140:Infinity":32,"s:141:8:141:Infinity":33,"f:144:10:144:27":8,"s:148:8:151:Infinity":34,"f:154:10:154:27":9,"s:155:8:158:Infinity":35}}}
}
